<?xml version="1.0" encoding="utf-8"?><testsuites name="pytest tests"><testsuite name="pytest" errors="0" failures="0" skipped="0" tests="49" time="7.610" timestamp="2025-11-12T08:36:42.431620+00:00" hostname="soroush-big-notebook-0"><testcase classname="tests.test_logic" name="test_get_cache_response_success" time="0.025" /><testcase classname="tests.test_logic" name="test_get_cache_response_no_match" time="0.009" /><testcase classname="tests.test_logic" name="test_get_cache_response_match_with_thumb_down" time="0.004" /><testcase classname="tests.test_logic" name="test_get_cache_response_custom_threshold" time="0.003" /><testcase classname="tests.test_logic" name="test_get_cache_response_success_good_th" time="0.003" /><testcase classname="tests.test_logic" name="test_history_serializer_empty_list" time="0.001" /><testcase classname="tests.test_logic" name="test_history_serializer_single_item" time="0.001" /><testcase classname="tests.test_logic" name="test_history_serializer_multiple_items" time="0.001" /><testcase classname="tests.test_logic" name="test_get_chat_response_success_standard_model" time="0.004" /><testcase classname="tests.test_logic" name="test_get_chat_response_success_special_model" time="0.004" /><testcase classname="tests.test_logic" name="test_get_chat_response_raises_value_error_on_missing_config" time="0.004" /><testcase classname="tests.test_logic" name="test_utterance_paraphraser_with_assistant_name" time="0.005" /><testcase classname="tests.test_logic" name="test_utterance_paraphraser_no_assistant_name" time="0.005" /><testcase classname="tests.test_logic" name="test_utterance_paraphraser_no_assistant_name_medium" time="0.005" /><testcase classname="tests.test_logic" name="test_utterance_paraphraser_empty_history" time="0.005" /><testcase classname="tests.test_logic" name="test_retrieve_context_with_input_modules" time="0.006" /><testcase classname="tests.test_logic" name="test_retrieve_context_with_database_index" time="0.005" /><testcase classname="tests.test_logic" name="test_retrieve_context_with_no_filters" time="0.003" /><testcase classname="tests.test_logic" name="test_is_somewhat_uniform_raises_assertion[invalid_dict0]" time="0.002" /><testcase classname="tests.test_logic" name="test_is_somewhat_uniform_raises_assertion[invalid_dict1]" time="0.001" /><testcase classname="tests.test_logic" name="test_is_somewhat_uniform_all_zeros" time="0.002" /><testcase classname="tests.test_logic" name="test_is_somewhat_uniform_perfectly_uniform_passes" time="0.003" /><testcase classname="tests.test_logic" name="test_is_somewhat_uniform_somewhat_uniform_passes" time="0.002" /><testcase classname="tests.test_logic" name="test_is_somewhat_uniform_not_uniform_fails" time="0.002" /><testcase classname="tests.test_logic" name="test_is_somewhat_uniform_at_threshold_passes" time="0.002" /><testcase classname="tests.test_logic" name="test_prepare_final_context_no_context_found" time="0.005" /><testcase classname="tests.test_logic" name="test_prepare_final_context_with_input_module" time="0.005" /><testcase classname="tests.test_logic" name="test_prepare_final_context_one_module_detected" time="0.005" /><testcase classname="tests.test_logic" name="test_prepare_final_context_clear_preference_detected" time="0.005" /><testcase classname="tests.test_logic" name="test_prepare_final_context_needs_clarification" time="0.005" /><testcase classname="tests.test_logic" name="test_hash_string_known_values[\u0686\u0637\u0648\u0631\u06cc \u0645\u0639\u06cc\u0646 \u0627\u06cc\u062c\u0627\u062f \u06a9\u0646\u0645-a75c88226ded2c5ffa36c1d8a89bab27b3e2e6e0477b1ab40d4d8c125df4075e]" time="0.001" /><testcase classname="tests.test_logic" name="test_hash_string_known_values[-e3b0c44298fc1c149afbf4c8996fb92427ae41e4649b934ca495991b7852b855]" time="0.000" /><testcase classname="tests.test_logic" name="test_hash_string_known_values[\u0633\u0644\u0627\u0645-bda1fa48345336618741fd2c4bc02809eb099c49a9b02fb5056401ab6d4dc3e6]" time="0.001" /><testcase classname="tests.test_logic" name="test_hash_string_known_values[pytest-2b01214d32c382dbc73bf6b493bedb7926324af27bad3ee888f66774b9b114c8]" time="0.001" /><testcase classname="tests.test_logic" name="test_handle_single_module_case_with_context" time="0.001" /><testcase classname="tests.test_logic" name="test_handle_single_module_case_with_empty_context" time="0.001" /><testcase classname="tests.test_logic" name="test_handle_single_module_case_with_single_context" time="0.001" /><testcase classname="tests.test_logic" name="test_get_chitchat_cache_key" time="0.001" /><testcase classname="tests.test_logic" name="test_get_chitchat_cache_key_empty_string" time="0.001" /><testcase classname="tests.test_logic" name="test_handle_clear_preference_case_with_context" time="0.001" /><testcase classname="tests.test_logic" name="test_handle_clear_preference_case_empty_context" time="0.001" /><testcase classname="tests.test_logic" name="test_handle_clear_preference_case_single_item" time="0.001" /><testcase classname="tests.test_logic" name="test_get_route_direct_cache_hit" time="0.003" /><testcase classname="tests.test_logic" name="test_get_route_chitchat_cache_hit" time="0.004" /><testcase classname="tests.test_logic" name="test_get_route_cache_miss_full_prediction" time="0.005" /><testcase classname="tests.test_logic" name="test_high_confidence_alpha_path_success" time="0.002" /><testcase classname="tests.test_logic" name="test_high_confidence_but_contains_hamkaran" time="0.002" /><testcase classname="tests.test_logic" name="test_high_confidence_but_illegal" time="0.002" /><testcase classname="tests.test_logic" name="test_low_confidence_multiple_plausible" time="0.003" /></testsuite></testsuites>