<?xml version='1.0' encoding='utf-8'?>
<testsuites><testsuite name="pytest" errors="0" failures="0" skipped="0" tests="11" time="13.742" timestamp="2025-12-10T17:10:10.268217+03:30" hostname="WSN-MIS-112"><testcase classname="tests.test_cache.TestCache" name="test_delete_document" time="0.012" /><testcase classname="tests.test_cache.TestCache" name="test_filter_documents" time="0.006" /><testcase classname="tests.test_cache.TestCache" name="test_get_embedding_match_rerank" time="0.006" /><testcase classname="tests.test_cache.TestCache" name="test_get_embedding_match_single" time="0.005" /><testcase classname="tests.test_cache.TestCache" name="test_get_set_exact_cache" time="0.006" /><testcase classname="tests.test_cache.TestCache" name="test_increment_thumb_up_existing_record" time="0.005" /><testcase classname="tests.test_cache.TestCache" name="test_increment_thumb_up_new_record" time="0.005" /><testcase classname="tests.test_cache.TestCache" name="test_initialize_logic" time="0.007" /><testcase classname="tests.test_cache.TestCache" name="test_initialize_no_redis" time="0.005" /><testcase classname="tests.test_cache.TestCache" name="test_insert_row" time="0.004" /><testcase classname="tests.test_cache.TestCache" name="test_singleton_pattern" time="0.004" /></testsuite><testsuite name="pytest" errors="0" failures="0" skipped="0" tests="8" time="13.757" timestamp="2025-12-10T17:10:33.311719+03:30" hostname="WSN-MIS-112"><testcase classname="tests.test_initiate_vdb.TestInitiateVDB" name="test_add_documents_to_existing_collection" time="0.009" /><testcase classname="tests.test_initiate_vdb.TestInitiateVDB" name="test_create_vector_database" time="0.010" /><testcase classname="tests.test_initiate_vdb.TestInitiateVDB" name="test_create_vector_database_from_config" time="11.124" /><testcase classname="tests.test_initiate_vdb.TestInitiateVDB" name="test_delete_vector_database" time="0.002" /><testcase classname="tests.test_initiate_vdb.TestInitiateVDB" name="test_get_collection_info" time="0.003" /><testcase classname="tests.test_initiate_vdb.TestInitiateVDB" name="test_initialize_qdrant_client_http" time="0.002" /><testcase classname="tests.test_initiate_vdb.TestInitiateVDB" name="test_initialize_qdrant_client_https_fallback" time="0.002" /><testcase classname="tests.test_initiate_vdb.TestInitiateVDB" name="test_list_vector_databases" time="0.003" /></testsuite><testsuite name="pytest" errors="0" failures="1" skipped="0" tests="15" time="1.387" timestamp="2025-12-10T17:10:56.273861+03:30" hostname="WSN-MIS-112"><testcase classname="tests.test_logic.TestLogicModule" name="test_calculate_date_context" time="0.038"><failure message="AssertionError: '17' != '16'&#10;- 17&#10;+ 16">self = &lt;RagBot.tests.test_logic.TestLogicModule testMethod=test_calculate_date_context&gt;, mock_dt = &lt;MagicMock name='datetime' id='1824857731856'&gt;

    @patch('src.logic.datetime')
    def test_calculate_date_context(self, mock_dt):
        # Fix date to 2024-03-25 (Post-Nowruz 1403)
        fixed_date = datetime(2024, 3, 25, 10, 30)
        mock_dt.now.return_value = fixed_date
        mock_dt.timedelta = timedelta  # Restore real timedelta
    
        context = logic.calculate_date_context()
    
        self.assertEqual(context['today_date'], "2025-12-10")
&gt;       self.assertEqual(context['current_hour'], "16")
E       AssertionError: '17' != '16'
E       - 17
E       + 16

tests\test_logic.py:154: AssertionError</failure></testcase><testcase classname="tests.test_logic.TestLogicModule" name="test_chat_responder_cache_hit" time="0.031" /><testcase classname="tests.test_logic.TestLogicModule" name="test_chat_responder_normal_flow" time="0.030" /><testcase classname="tests.test_logic.TestLogicModule" name="test_determine_final_route" time="0.028" /><testcase classname="tests.test_logic.TestLogicModule" name="test_extract_tables_robust" time="0.028" /><testcase classname="tests.test_logic.TestLogicModule" name="test_feedback" time="0.029" /><testcase classname="tests.test_logic.TestLogicModule" name="test_get_cache_response" time="0.031" /><testcase classname="tests.test_logic.TestLogicModule" name="test_get_chat_response" time="0.030" /><testcase classname="tests.test_logic.TestLogicModule" name="test_hash_string" time="0.024" /><testcase classname="tests.test_logic.TestLogicModule" name="test_history_serializer" time="0.027" /><testcase classname="tests.test_logic.TestLogicModule" name="test_is_somewhat_uniform" time="0.030" /><testcase classname="tests.test_logic.TestLogicModule" name="test_model_selector" time="0.024" /><testcase classname="tests.test_logic.TestLogicModule" name="test_prepare_final_context_clarification" time="0.032" /><testcase classname="tests.test_logic.TestLogicModule" name="test_sql_responder" time="0.029" /><testcase classname="tests.test_logic.TestLogicModule" name="test_subselect_yaml" time="0.022" /></testsuite><testsuite name="pytest" errors="0" failures="0" skipped="0" tests="5" time="0.396" timestamp="2025-12-10T17:11:06.752025+03:30" hostname="WSN-MIS-112"><testcase classname="tests.test_logs.TestLogs" name="test_get_logger_creation" time="0.013" /><testcase classname="tests.test_logs.TestLogs" name="test_get_logger_existing" time="0.005" /><testcase classname="tests.test_logs.TestLogs" name="test_logger_no_session_id" time="0.003" /><testcase classname="tests.test_logs.TestLogs" name="test_non_generative_agent_logger" time="0.004" /><testcase classname="tests.test_logs.TestLogs" name="test_simple_logger" time="0.003" /></testsuite><testsuite name="pytest" errors="0" failures="0" skipped="0" tests="35" time="0.514" timestamp="2025-12-10T17:11:15.536470+03:30" hostname="WSN-MIS-112"><testcase classname="tests.test_orm.TestPostgres" name="test_create_database" time="0.005" /><testcase classname="tests.test_orm.TestPostgres" name="test_create_database_assistant_only" time="0.001" /><testcase classname="tests.test_orm.TestPostgres" name="test_create_database_company_only" time="0.001" /><testcase classname="tests.test_orm.TestPostgres" name="test_create_session" time="0.001" /><testcase classname="tests.test_orm.TestPostgres" name="test_create_session_defaults" time="0.001" /><testcase classname="tests.test_orm.TestPostgres" name="test_create_session_dynamic_placeholders" time="0.001" /><testcase classname="tests.test_orm.TestPostgres" name="test_delete_database" time="0.001" /><testcase classname="tests.test_orm.TestPostgres" name="test_execute_query" time="0.001" /><testcase classname="tests.test_orm.TestPostgres" name="test_execute_query_exception" time="0.001" /><testcase classname="tests.test_orm.TestPostgres" name="test_exist_session" time="0.001" /><testcase classname="tests.test_orm.TestPostgres" name="test_extract_response_type" time="0.001" /><testcase classname="tests.test_orm.TestPostgres" name="test_extract_response_type_empty" time="0.001" /><testcase classname="tests.test_orm.TestPostgres" name="test_find_company_assistant_names" time="0.001" /><testcase classname="tests.test_orm.TestPostgres" name="test_find_database_id" time="0.001" /><testcase classname="tests.test_orm.TestPostgres" name="test_find_database_id_none" time="0.001" /><testcase classname="tests.test_orm.TestPostgres" name="test_get_history" time="0.001" /><testcase classname="tests.test_orm.TestPostgres" name="test_get_latest_databases" time="0.001" /><testcase classname="tests.test_orm.TestPostgres" name="test_get_latest_sessions" time="0.001" /><testcase classname="tests.test_orm.TestPostgres" name="test_get_message_choices" time="0.001" /><testcase classname="tests.test_orm.TestPostgres" name="test_get_message_fields" time="0.001" /><testcase classname="tests.test_orm.TestPostgres" name="test_get_message_fields_empty" time="0.001" /><testcase classname="tests.test_orm.TestPostgres" name="test_get_user_code_tenant_name" time="0.001" /><testcase classname="tests.test_orm.TestPostgres" name="test_get_user_code_tenant_name_none" time="0.001" /><testcase classname="tests.test_orm.TestPostgres" name="test_insert_chat_row" time="0.001" /><testcase classname="tests.test_orm.TestPostgres" name="test_insert_chat_row_full" time="0.001" /><testcase classname="tests.test_orm.TestPostgres" name="test_insert_chat_row_partial" time="0.001" /><testcase classname="tests.test_orm.TestPostgres" name="test_insert_message_choices" time="0.001" /><testcase classname="tests.test_orm.TestPostgres" name="test_remove_previous_response" time="0.001" /><testcase classname="tests.test_orm.TestPostgres" name="test_set_feedback" time="0.001" /><testcase classname="tests.test_orm.TestPostgres" name="test_singleton_pattern" time="0.001" /><testcase classname="tests.test_orm.TestPostgres" name="test_update_last_chat_row" time="0.001" /><testcase classname="tests.test_orm.TestPostgres" name="test_update_on_click_chat_row" time="0.001" /><testcase classname="tests.test_orm.TestPostgres" name="test_update_selected_module" time="0.001" /><testcase classname="tests.test_orm.TestPostgres" name="test_validate_session" time="0.001" /><testcase classname="tests.test_orm.TestPostgres" name="test_validate_session_failure" time="0.001" /></testsuite><testsuite name="pytest" errors="0" failures="0" skipped="0" tests="8" time="14.386" timestamp="2025-12-10T17:11:24.801898+03:30" hostname="WSN-MIS-112"><testcase classname="tests.test_retriever.TestRetriever" name="test_find_vdb" time="0.025" /><testcase classname="tests.test_retriever.TestRetriever" name="test_get_available_modules" time="0.007" /><testcase classname="tests.test_retriever.TestRetriever" name="test_retrieve_context_with_reranker" time="0.005" /><testcase classname="tests.test_retriever.TestRetriever" name="test_retrieve_context_without_reranker" time="0.005" /><testcase classname="tests.test_retriever.TestRetriever" name="test_retriever_initialization" time="0.005" /><testcase classname="tests.test_retriever.TestTritonEmbeddings" name="test_call_triton" time="0.004" /><testcase classname="tests.test_retriever.TestOpenRouterEmbeddings" name="test_make_request" time="0.002" /><testcase classname="tests.test_retriever.TestTritonBGEReranker" name="test_call_triton" time="0.004" /></testsuite><testsuite name="pytest" errors="0" failures="0" skipped="0" tests="10" time="68.271" timestamp="2025-12-10T17:11:49.335716+03:30" hostname="WSN-MIS-112"><testcase classname="tests.test_semantic_router.TestSemanticRouter" name="test_pipeline_initialization_inference" time="0.006" /><testcase classname="tests.test_semantic_router.TestSemanticRouter" name="test_pipeline_training" time="0.012" /><testcase classname="tests.test_semantic_router.TestSemanticRouter" name="test_predict_sentences" time="0.006" /><testcase classname="tests.test_semantic_router.TestEmbeddingModels" name="test_e5_embedder" time="55.824" /><testcase classname="tests.test_semantic_router.TestEmbeddingModels" name="test_jinaa_embedder" time="0.002" /><testcase classname="tests.test_semantic_router.TestEmbeddingModels" name="test_qwen3_embedder" time="0.002" /><testcase classname="tests.test_semantic_router.TestClassifierModels" name="test_logistic_regression_model" time="0.002" /><testcase classname="tests.test_semantic_router.TestClassifierModels" name="test_mlp_classifier_model" time="0.001" /><testcase classname="tests.test_semantic_router.TestClassifierModels" name="test_rf_model" time="0.002" /><testcase classname="tests.test_semantic_router.TestClassifierModels" name="test_svm_model" time="0.001" /></testsuite><testsuite name="pytest" errors="0" failures="0" skipped="0" tests="6" time="16.215" timestamp="2025-12-10T17:13:07.109456+03:30" hostname="WSN-MIS-112"><testcase classname="tests.test_shear_parser.TestProcessDocs" name="test_process_doc" time="0.011" /><testcase classname="tests.test_shear_parser.TestProcessDocs" name="test_remove_stray_backslashes" time="0.001" /><testcase classname="tests.test_shear_parser.TestProcessDocs" name="test_remove_table_of_contents" time="0.001" /><testcase classname="tests.test_shear_parser.TestChunkers" name="test_hierarchical_chunker" time="1.216" /><testcase classname="tests.test_shear_parser.TestChunkers" name="test_sole_chunker" time="0.010" /><testcase classname="tests.test_shear_parser.TestMarkdownConversion" name="test_convert_word_to_markdown" time="0.009" /></testsuite></testsuites>